<?xml version="1.0" encoding="UTF-8"?>
<!-- Generated by org.testng.reporters.JUnitXMLReporter -->
<testsuite ignored="0" hostname="LAPTOP-RG2DJRNT" failures="0" tests="4" name="Test" time="52.14" errors="0" timestamp="2025-04-01T15:11:44 IST">
  <testcase classname="com.Tests.LoginTest" name="Login" time="3.394"/>
  <testcase classname="com.Tests.LoginTest" name="Login" time="10.594"/>
  <testcase classname="com.Tests.LoginTest" name="Login" time="10.488"/>
  <testcase classname="com.Tests.LoginTest" name="Login" time="10.726"/>
</testsuite> <!-- Test -->
