<?xml version="1.0" encoding="UTF-8"?>
<!-- Generated by org.testng.reporters.JUnitXMLReporter -->
<testsuite ignored="0" hostname="LAPTOP-RG2DJRNT" failures="0" tests="4" name="Default test" time="52.78" errors="0" timestamp="2025-04-01T15:03:41 IST">
  <testcase classname="com.Tests.LoginTest" name="Login" time="2.88"/>
  <testcase classname="com.Tests.LoginTest" name="Login" time="10.676"/>
  <testcase classname="com.Tests.LoginTest" name="Login" time="10.521"/>
  <testcase classname="com.Tests.LoginTest" name="Login" time="10.61"/>
</testsuite> <!-- Default test -->
