<?xml version="1.0" encoding="UTF-8"?>
<testng-results ignored="0" total="4" passed="4" failed="0" skipped="0">
  <reporter-output>
  </reporter-output>
  <suite started-at="2025-04-01T15:10:52 IST" name="Suite" finished-at="2025-04-01T15:11:44 IST" duration-ms="52140">
    <groups>
    </groups>
    <test started-at="2025-04-01T15:10:52 IST" name="Test" finished-at="2025-04-01T15:11:44 IST" duration-ms="52140">
      <class name="com.Tests.LoginTest">
        <test-method is-config="true" signature="beforeMethod()[pri:0, instance:com.Tests.LoginTest@443118b0]" started-at="2025-04-01T15:10:54 IST" name="beforeMethod" finished-at="2025-04-01T15:10:58 IST" duration-ms="4275" status="PASS">
          <reporter-output>
          </reporter-output>
        </test-method> <!-- beforeMethod -->
        <test-method signature="Login(java.lang.String,java.lang.String)[pri:0, instance:com.Tests.LoginTest@443118b0]" started-at="2025-04-01T15:10:58 IST" name="Login" data-provider="LoginCredentials" finished-at="2025-04-01T15:11:01 IST" duration-ms="3394" status="PASS">
          <params>
            <param index="0">
              <value>
                <![CDATA[standard_user]]>
              </value>
            </param>
            <param index="1">
              <value>
                <![CDATA[secret_sauce]]>
              </value>
            </param>
          </params>
          <reporter-output>
          </reporter-output>
        </test-method> <!-- Login -->
        <test-method is-config="true" signature="afterMethod()[pri:0, instance:com.Tests.LoginTest@443118b0]" started-at="2025-04-01T15:11:01 IST" name="afterMethod" finished-at="2025-04-01T15:11:02 IST" duration-ms="294" status="PASS">
          <reporter-output>
          </reporter-output>
        </test-method> <!-- afterMethod -->
        <test-method is-config="true" signature="beforeMethod()[pri:0, instance:com.Tests.LoginTest@443118b0]" started-at="2025-04-01T15:11:02 IST" name="beforeMethod" finished-at="2025-04-01T15:11:05 IST" duration-ms="2928" status="PASS">
          <reporter-output>
          </reporter-output>
        </test-method> <!-- beforeMethod -->
        <test-method signature="Login(java.lang.String,java.lang.String)[pri:0, instance:com.Tests.LoginTest@443118b0]" started-at="2025-04-01T15:11:05 IST" name="Login" data-provider="LoginCredentials" finished-at="2025-04-01T15:11:15 IST" duration-ms="10594" status="PASS">
          <params>
            <param index="0">
              <value>
                <![CDATA[standard_user]]>
              </value>
            </param>
            <param index="1">
              <value>
                <![CDATA[]]>
              </value>
            </param>
          </params>
          <reporter-output>
          </reporter-output>
        </test-method> <!-- Login -->
        <test-method is-config="true" signature="afterMethod()[pri:0, instance:com.Tests.LoginTest@443118b0]" started-at="2025-04-01T15:11:15 IST" name="afterMethod" finished-at="2025-04-01T15:11:16 IST" duration-ms="321" status="PASS">
          <reporter-output>
          </reporter-output>
        </test-method> <!-- afterMethod -->
        <test-method is-config="true" signature="beforeMethod()[pri:0, instance:com.Tests.LoginTest@443118b0]" started-at="2025-04-01T15:11:16 IST" name="beforeMethod" finished-at="2025-04-01T15:11:18 IST" duration-ms="2873" status="PASS">
          <reporter-output>
          </reporter-output>
        </test-method> <!-- beforeMethod -->
        <test-method signature="Login(java.lang.String,java.lang.String)[pri:0, instance:com.Tests.LoginTest@443118b0]" started-at="2025-04-01T15:11:18 IST" name="Login" data-provider="LoginCredentials" finished-at="2025-04-01T15:11:29 IST" duration-ms="10488" status="PASS">
          <params>
            <param index="0">
              <value>
                <![CDATA[]]>
              </value>
            </param>
            <param index="1">
              <value>
                <![CDATA[secret_sauce]]>
              </value>
            </param>
          </params>
          <reporter-output>
          </reporter-output>
        </test-method> <!-- Login -->
        <test-method is-config="true" signature="afterMethod()[pri:0, instance:com.Tests.LoginTest@443118b0]" started-at="2025-04-01T15:11:29 IST" name="afterMethod" finished-at="2025-04-01T15:11:31 IST" duration-ms="1793" status="PASS">
          <reporter-output>
          </reporter-output>
        </test-method> <!-- afterMethod -->
        <test-method is-config="true" signature="beforeMethod()[pri:0, instance:com.Tests.LoginTest@443118b0]" started-at="2025-04-01T15:11:31 IST" name="beforeMethod" finished-at="2025-04-01T15:11:33 IST" duration-ms="2739" status="PASS">
          <reporter-output>
          </reporter-output>
        </test-method> <!-- beforeMethod -->
        <test-method signature="Login(java.lang.String,java.lang.String)[pri:0, instance:com.Tests.LoginTest@443118b0]" started-at="2025-04-01T15:11:33 IST" name="Login" data-provider="LoginCredentials" finished-at="2025-04-01T15:11:44 IST" duration-ms="10726" status="PASS">
          <params>
            <param index="0">
              <value>
                <![CDATA[DemoUser]]>
              </value>
            </param>
            <param index="1">
              <value>
                <![CDATA[secretsauce]]>
              </value>
            </param>
          </params>
          <reporter-output>
          </reporter-output>
        </test-method> <!-- Login -->
        <test-method is-config="true" signature="afterMethod()[pri:0, instance:com.Tests.LoginTest@443118b0]" started-at="2025-04-01T15:11:44 IST" name="afterMethod" finished-at="2025-04-01T15:11:44 IST" duration-ms="283" status="PASS">
          <reporter-output>
          </reporter-output>
        </test-method> <!-- afterMethod -->
      </class> <!-- com.Tests.LoginTest -->
    </test> <!-- Test -->
  </suite> <!-- Suite -->
</testng-results>
