<?xml version="1.0" encoding="UTF-8"?>
<testng-results ignored="0" total="4" passed="4" failed="0" skipped="0">
  <reporter-output>
  </reporter-output>
  <suite started-at="2025-04-01T15:02:48 IST" name="Default suite" finished-at="2025-04-01T15:03:40 IST" duration-ms="52780">
    <groups>
    </groups>
    <test started-at="2025-04-01T15:02:48 IST" name="Default test" finished-at="2025-04-01T15:03:40 IST" duration-ms="52780">
      <class name="com.Tests.LoginTest">
        <test-method is-config="true" signature="beforeMethod()[pri:0, instance:com.Tests.LoginTest@33d512c1]" started-at="2025-04-01T15:02:49 IST" name="beforeMethod" finished-at="2025-04-01T15:02:56 IST" duration-ms="7203" status="PASS">
          <reporter-output>
          </reporter-output>
        </test-method> <!-- beforeMethod -->
        <test-method signature="Login(java.lang.String,java.lang.String)[pri:0, instance:com.Tests.LoginTest@33d512c1]" started-at="2025-04-01T15:02:56 IST" name="Login" data-provider="LoginCredentials" finished-at="2025-04-01T15:02:59 IST" duration-ms="2880" status="PASS">
          <params>
            <param index="0">
              <value>
                <![CDATA[standard_user]]>
              </value>
            </param>
            <param index="1">
              <value>
                <![CDATA[secret_sauce]]>
              </value>
            </param>
          </params>
          <reporter-output>
          </reporter-output>
        </test-method> <!-- Login -->
        <test-method is-config="true" signature="afterMethod()[pri:0, instance:com.Tests.LoginTest@33d512c1]" started-at="2025-04-01T15:02:59 IST" name="afterMethod" finished-at="2025-04-01T15:02:59 IST" duration-ms="237" status="PASS">
          <reporter-output>
          </reporter-output>
        </test-method> <!-- afterMethod -->
        <test-method is-config="true" signature="beforeMethod()[pri:0, instance:com.Tests.LoginTest@33d512c1]" started-at="2025-04-01T15:02:59 IST" name="beforeMethod" finished-at="2025-04-01T15:03:02 IST" duration-ms="2737" status="PASS">
          <reporter-output>
          </reporter-output>
        </test-method> <!-- beforeMethod -->
        <test-method signature="Login(java.lang.String,java.lang.String)[pri:0, instance:com.Tests.LoginTest@33d512c1]" started-at="2025-04-01T15:03:02 IST" name="Login" data-provider="LoginCredentials" finished-at="2025-04-01T15:03:13 IST" duration-ms="10676" status="PASS">
          <params>
            <param index="0">
              <value>
                <![CDATA[standard_user]]>
              </value>
            </param>
            <param index="1">
              <value>
                <![CDATA[]]>
              </value>
            </param>
          </params>
          <reporter-output>
          </reporter-output>
        </test-method> <!-- Login -->
        <test-method is-config="true" signature="afterMethod()[pri:0, instance:com.Tests.LoginTest@33d512c1]" started-at="2025-04-01T15:03:13 IST" name="afterMethod" finished-at="2025-04-01T15:03:13 IST" duration-ms="380" status="PASS">
          <reporter-output>
          </reporter-output>
        </test-method> <!-- afterMethod -->
        <test-method is-config="true" signature="beforeMethod()[pri:0, instance:com.Tests.LoginTest@33d512c1]" started-at="2025-04-01T15:03:13 IST" name="beforeMethod" finished-at="2025-04-01T15:03:16 IST" duration-ms="2892" status="PASS">
          <reporter-output>
          </reporter-output>
        </test-method> <!-- beforeMethod -->
        <test-method signature="Login(java.lang.String,java.lang.String)[pri:0, instance:com.Tests.LoginTest@33d512c1]" started-at="2025-04-01T15:03:16 IST" name="Login" data-provider="LoginCredentials" finished-at="2025-04-01T15:03:27 IST" duration-ms="10521" status="PASS">
          <params>
            <param index="0">
              <value>
                <![CDATA[]]>
              </value>
            </param>
            <param index="1">
              <value>
                <![CDATA[secret_sauce]]>
              </value>
            </param>
          </params>
          <reporter-output>
          </reporter-output>
        </test-method> <!-- Login -->
        <test-method is-config="true" signature="afterMethod()[pri:0, instance:com.Tests.LoginTest@33d512c1]" started-at="2025-04-01T15:03:27 IST" name="afterMethod" finished-at="2025-04-01T15:03:27 IST" duration-ms="259" status="PASS">
          <reporter-output>
          </reporter-output>
        </test-method> <!-- afterMethod -->
        <test-method is-config="true" signature="beforeMethod()[pri:0, instance:com.Tests.LoginTest@33d512c1]" started-at="2025-04-01T15:03:27 IST" name="beforeMethod" finished-at="2025-04-01T15:03:30 IST" duration-ms="2770" status="PASS">
          <reporter-output>
          </reporter-output>
        </test-method> <!-- beforeMethod -->
        <test-method signature="Login(java.lang.String,java.lang.String)[pri:0, instance:com.Tests.LoginTest@33d512c1]" started-at="2025-04-01T15:03:30 IST" name="Login" data-provider="LoginCredentials" finished-at="2025-04-01T15:03:40 IST" duration-ms="10610" status="PASS">
          <params>
            <param index="0">
              <value>
                <![CDATA[DemoUser]]>
              </value>
            </param>
            <param index="1">
              <value>
                <![CDATA[secretsauce]]>
              </value>
            </param>
          </params>
          <reporter-output>
          </reporter-output>
        </test-method> <!-- Login -->
        <test-method is-config="true" signature="afterMethod()[pri:0, instance:com.Tests.LoginTest@33d512c1]" started-at="2025-04-01T15:03:40 IST" name="afterMethod" finished-at="2025-04-01T15:03:40 IST" duration-ms="321" status="PASS">
          <reporter-output>
          </reporter-output>
        </test-method> <!-- afterMethod -->
      </class> <!-- com.Tests.LoginTest -->
    </test> <!-- Default test -->
  </suite> <!-- Default suite -->
</testng-results>
